soffice was stopped at: 13/05/2015 16:24:24
soffice was stopped while processing the 1431527059.0497-33905533.csv file with contents:
C:\xampp\htdocs\v2_html52pdf\tests\DEMOS/resumen_trimestral_form_HTML-1431527058-7027_h5p_55535e92ab904|PDF|false|false|false|false||false|90|false|300|0|false|true|2|true|false||0|0|100|0|false|false|false|true|false|false|false|false||false||2|4|true
 
soffice was stopped at: 13/05/2015 16:30:03
soffice was stopped while processing the 1431527398.3057-26825730.csv file with contents:
C:\xampp\htdocs\v2_html52pdf\tests\DEMOS/resumen_trimestral_form_HTML-1431527397-9687_h5p_55535fe5ecbc3|PDF|false|false|false|false||false|90|false|300|0|false|true|2|true|false||0|0|100|0|false|false|false|true|false|false|false|false||false||2|4|true
 
The docxpresso.php was halted at: 13/05/2015 16:31:26
The script halted while processing the 1431527398.3057-26825730.csv file with contents:
C:\xampp\htdocs\v2_html52pdf\tests\DEMOS/resumen_trimestral_form_HTML-1431527397-9687_h5p_55535fe5ecbc3|PDF|false|false|false|false||false|90|false|300|0|false|true|2|true|false||0|0|100|0|false|false|false|true|false|false|false|false||false||2|4|true
 
soffice was stopped at: 13/05/2015 16:31:31
soffice was stopped while processing the 1431527489.5999-47919634.csv file with contents:
C:\xampp\htdocs\v2_html52pdf\tests\DEMOS/resumen_trimestral_form_HTML-1431527489-2659_h5p_55536041412a7|PDF|false|false|false|false||false|90|false|300|0|false|true|2|true|false||0|0|100|0|false|false|false|true|false|false|false|false||false||2|4|true
 
The docxpresso.php was halted at: 13/05/2015 16:32:08
The script halted while processing the 1431527489.5999-47919634.csv file with contents:
C:\xampp\htdocs\v2_html52pdf\tests\DEMOS/resumen_trimestral_form_HTML-1431527489-2659_h5p_55536041412a7|PDF|false|false|false|false||false|90|false|300|0|false|true|2|true|false||0|0|100|0|false|false|false|true|false|false|false|false||false||2|4|true
 
soffice was stopped at: 13/05/2015 16:32:20
soffice was stopped while processing the 1431527538.3784-65115806.csv file with contents:
C:\xampp\htdocs\v2_html52pdf\tests\DEMOS/resumen_trimestral_form_HTML-1431527538-0393_h5p_55536072099b0|PDF|false|false|false|false||false|90|false|300|0|false|true|2|true|false||0|0|100|0|false|false|false|true|false|false|false|false||false||2|4|true
 
The docxpresso.php was halted at: 13/05/2015 16:33:58
The script halted while processing the 1431527538.3784-65115806.csv file with contents:
C:\xampp\htdocs\v2_html52pdf\tests\DEMOS/resumen_trimestral_form_HTML-1431527538-0393_h5p_55536072099b0|PDF|false|false|false|false||false|90|false|300|0|false|true|2|true|false||0|0|100|0|false|false|false|true|false|false|false|false||false||2|4|true
 
soffice was stopped at: 13/05/2015 16:34:00
soffice was stopped while processing the 1431527541.1094-13558269.csv file with contents:
C:\xampp\htdocs\v2_html52pdf\tests\DEMOS/resumen_trimestral_form_HTML-1431527540-7644_h5p_55536074ba9ff|PDF|false|false|false|false||false|90|false|300|0|false|true|2|true|false||0|0|100|0|false|false|false|true|false|false|false|false||false||2|4|true
 
The docxpresso.php was halted at: 13/05/2015 16:36:34
The script halted while processing the 1431527541.1094-13558269.csv file with contents:
C:\xampp\htdocs\v2_html52pdf\tests\DEMOS/resumen_trimestral_form_HTML-1431527540-7644_h5p_55536074ba9ff|PDF|false|false|false|false||false|90|false|300|0|false|true|2|true|false||0|0|100|0|false|false|false|true|false|false|false|false||false||2|4|true
 
soffice was stopped at: 13/05/2015 16:36:36
soffice was stopped while processing the 1431527703.9708-37181674.csv file with contents:
C:\xampp\htdocs\v2_html52pdf\tests\DEMOS/resumen_trimestral_form_HTML-1431527703-6378_h5p_555361179bf42|PDF|false|false|false|false||false|90|false|300|0|false|true|2|true|false||0|0|100|0|false|false|false|true|false|false|false|false||false||2|4|true
 
The docxpresso.php was halted at: 13/05/2015 16:37:18
The script halted while processing the 1431527703.9708-37181674.csv file with contents:
C:\xampp\htdocs\v2_html52pdf\tests\DEMOS/resumen_trimestral_form_HTML-1431527703-6378_h5p_555361179bf42|PDF|false|false|false|false||false|90|false|300|0|false|true|2|true|false||0|0|100|0|false|false|false|true|false|false|false|false||false||2|4|true
 
soffice was stopped at: 13/05/2015 16:37:20
soffice was stopped while processing the 1431527705.0028-56727670.csv file with contents:
C:\xampp\htdocs\v2_html52pdf\tests\DEMOS/resumen_trimestral_form_HTML-1431527704-6628_h5p_55536118a210e|PDF|false|false|false|false||false|90|false|300|0|false|true|2|true|false||0|0|100|0|false|false|false|true|false|false|false|false||false||2|4|true
 
The docxpresso.php was halted at: 13/05/2015 16:39:05
The script halted while processing the 1431527705.0028-56727670.csv file with contents:
C:\xampp\htdocs\v2_html52pdf\tests\DEMOS/resumen_trimestral_form_HTML-1431527704-6628_h5p_55536118a210e|PDF|false|false|false|false||false|90|false|300|0|false|true|2|true|false||0|0|100|0|false|false|false|true|false|false|false|false||false||2|4|true
 
The docxpresso.php was halted at: 13/05/2015 18:37:14
The script halted while processing the 1431535032.5771-67973508.csv file with contents:
C:\xampp\htdocs\v2_html52pdf\tests\DEMOS/resumen_trimestral_form_HTML-1431535032-2311_h5p_55537db8386d6|PDF|false|false|false|false||false|90|false|300|0|false|true|2|true|false||0|0|100|0|false|false|false|true|false|false|false|false||false||2|4|true
 
soffice was stopped at: 13/05/2015 18:37:58
soffice was stopped while processing the 1431535076.4016-34649714.csv file with contents:
C:\xampp\htdocs\v2_html52pdf\tests\DEMOS/resumen_trimestral_form_HTML-1431535076-0636_h5p_55537de40fc4d|PDF|false|false|false|false||false|90|false|300|0|false|true|2|true|false||0|0|100|0|false|false|false|true|false|false|false|false||false||2|4|true
 
soffice was stopped at: 13/05/2015 18:38:09
soffice was stopped while processing the 1431535087.4317-17777892.csv file with contents:
C:\xampp\htdocs\v2_html52pdf\tests\DEMOS/resumen_trimestral_form_HTML-1431535087-0967_h5p_55537def179a6|PDF|false|false|false|false||false|90|false|300|0|false|true|2|true|false||0|0|100|0|false|false|false|true|false|false|false|false||false||2|4|true
 
soffice was stopped at: 13/05/2015 18:41:02
soffice was stopped while processing the 1431535260.7081-32155960.csv file with contents:
C:\xampp\htdocs\v2_html52pdf\tests\DEMOS/resumen_trimestral_form_HTML-1431535260-3721_h5p_55537e9c5ad7f|PDF|false|false|false|false||false|90|false|300|0|false|true|2|true|false||0|0|100|0|false|false|false|true|false|false|false|false||false||2|4|true
 
soffice was stopped at: 13/05/2015 18:41:49
soffice was stopped while processing the 1431535307.6005-6760176.csv file with contents:
C:\xampp\htdocs\v2_html52pdf\tests\DEMOS/resumen_trimestral_form_HTML-1431535307-2685_h5p_55537ecb418cd|PDF|false|false|false|false||false|90|false|300|0|false|true|2|true|false||0|0|100|0|false|false|false|true|false|false|false|false||false||2|4|true
 
soffice was stopped at: 13/05/2015 18:42:31
soffice was stopped while processing the 1431535350.0639-96948607.csv file with contents:
C:\xampp\htdocs\v2_html52pdf\tests\DEMOS/resumen_trimestral_form_HTML-1431535349-7199_h5p_55537ef5afc1a|PDF|false|false|false|false||false|90|false|300|0|false|true|2|true|false||0|0|100|0|false|false|false|true|false|false|false|false||false||2|4|true
 
The docxpresso.php was halted at: 18/05/2015 9:04:33
The script halted while processing the 1431932671.4815-14601058.csv file with contents:
C:\xampp\htdocs\v2_html52pdf\tests\DEMOS/resumen_trimestral_form_HTML-1431932671-4755_h5p_55598eff74158|PDF|false|false|false|false||false|90|false|300|0|false|true|2|true|false||0|0|100|0|false|false|false|true|false|false|false|false||false||2|4|true
 
soffice was stopped at: 18/05/2015 9:06:24
soffice was stopped while processing the 1431932782.183-59492144.csv file with contents:
C:\xampp\htdocs\v2_html52pdf\tests\DEMOS/resumen_trimestral_form_HTML-1431932781-845_h5p_55598f6dce498|PDF|false|false|false|false||false|90|false|300|0|false|true|2|true|false||0|0|100|0|false|false|false|true|false|false|false|false||false||2|4|true
 
